{"C:\\Users\\JASDEV\\Desktop\\Food Hub\\src\\components\\Accordian.js": {"path":"C:\\Users\\JASDEV\\Desktop\\Food Hub\\src\\components\\Accordian.js","statementMap":{"0":{"start":{"line":6,"column":18},"end":{"line":42,"column":1}},"1":{"start":{"line":10,"column":2},"end":{"line":10,"column":28}},"2":{"start":{"line":11,"column":2},"end":{"line":11,"column":25}},"3":{"start":{"line":12,"column":2},"end":{"line":41,"column":4}},"4":{"start":{"line":16,"column":23},"end":{"line":16,"column":37}},"5":{"start":{"line":35,"column":12},"end":{"line":35,"column":78}},"6":{"start":{"line":44,"column":28},"end":{"line":71,"column":1}},"7":{"start":{"line":45,"column":2},"end":{"line":70,"column":4}},"8":{"start":{"line":46,"column":36},"end":{"line":46,"column":51}},"9":{"start":{"line":47,"column":4},"end":{"line":69,"column":6}},"10":{"start":{"line":51,"column":25},"end":{"line":51,"column":47}}},"fnMap":{"0":{"name":"(anonymous_0)","decl":{"start":{"line":6,"column":18},"end":{"line":6,"column":19}},"loc":{"start":{"line":6,"column":71},"end":{"line":42,"column":1}},"line":6},"1":{"name":"(anonymous_1)","decl":{"start":{"line":16,"column":17},"end":{"line":16,"column":18}},"loc":{"start":{"line":16,"column":23},"end":{"line":16,"column":37}},"line":16},"2":{"name":"(anonymous_2)","decl":{"start":{"line":34,"column":32},"end":{"line":34,"column":33}},"loc":{"start":{"line":35,"column":12},"end":{"line":35,"column":78}},"line":35},"3":{"name":"(anonymous_3)","decl":{"start":{"line":44,"column":28},"end":{"line":44,"column":29}},"loc":{"start":{"line":44,"column":34},"end":{"line":71,"column":1}},"line":44},"4":{"name":"(anonymous_4)","decl":{"start":{"line":45,"column":9},"end":{"line":45,"column":10}},"loc":{"start":{"line":45,"column":20},"end":{"line":70,"column":3}},"line":45},"5":{"name":"(anonymous_5)","decl":{"start":{"line":51,"column":19},"end":{"line":51,"column":20}},"loc":{"start":{"line":51,"column":25},"end":{"line":51,"column":47}},"line":51}},"branchMap":{"0":{"loc":{"start":{"line":25,"column":11},"end":{"line":29,"column":11}},"type":"cond-expr","locations":[{"start":{"line":26,"column":12},"end":{"line":26,"column":58}},{"start":{"line":28,"column":12},"end":{"line":28,"column":62}}],"line":25},"1":{"loc":{"start":{"line":32,"column":7},"end":{"line":38,"column":7}},"type":"binary-expr","locations":[{"start":{"line":32,"column":7},"end":{"line":32,"column":19}},{"start":{"line":33,"column":8},"end":{"line":37,"column":14}}],"line":32},"2":{"loc":{"start":{"line":55,"column":13},"end":{"line":59,"column":13}},"type":"cond-expr","locations":[{"start":{"line":56,"column":14},"end":{"line":56,"column":66}},{"start":{"line":58,"column":14},"end":{"line":58,"column":70}}],"line":55},"3":{"loc":{"start":{"line":62,"column":9},"end":{"line":66,"column":9}},"type":"binary-expr","locations":[{"start":{"line":62,"column":9},"end":{"line":62,"column":17}},{"start":{"line":63,"column":10},"end":{"line":65,"column":16}}],"line":62}},"s":{"0":1,"1":0,"2":0,"3":0,"4":0,"5":0,"6":1,"7":1,"8":21,"9":21,"10":0},"f":{"0":0,"1":0,"2":0,"3":1,"4":21,"5":0},"b":{"0":[0,0],"1":[0,0],"2":[0,21],"3":[21,0]},"_coverageSchema":"1a1c01bbd47fc00a2c39e90264f33305004495a9","hash":"9fd0ce465dd67ad8f355b1a5a184aad4a9d90a05"}
,"C:\\Users\\JASDEV\\Desktop\\Food Hub\\src\\components\\Help.js": {"path":"C:\\Users\\JASDEV\\Desktop\\Food Hub\\src\\components\\Help.js","statementMap":{"0":{"start":{"line":5,"column":13},"end":{"line":36,"column":1}},"1":{"start":{"line":6,"column":24},"end":{"line":6,"column":38}},"2":{"start":{"line":7,"column":2},"end":{"line":35,"column":4}},"3":{"start":{"line":29,"column":14},"end":{"line":29,"column":55}}},"fnMap":{"0":{"name":"(anonymous_0)","decl":{"start":{"line":5,"column":13},"end":{"line":5,"column":14}},"loc":{"start":{"line":5,"column":19},"end":{"line":36,"column":1}},"line":5},"1":{"name":"(anonymous_1)","decl":{"start":{"line":28,"column":25},"end":{"line":28,"column":26}},"loc":{"start":{"line":29,"column":14},"end":{"line":29,"column":55}},"line":29}},"branchMap":{},"s":{"0":1,"1":1,"2":1,"3":21},"f":{"0":1,"1":21},"b":{},"_coverageSchema":"1a1c01bbd47fc00a2c39e90264f33305004495a9","hash":"7f06b84857c576d1a872d97bb4b7f5d42af2a4b3"}
,"C:\\Users\\JASDEV\\Desktop\\Food Hub\\src\\components\\MenuItem.js": {"path":"C:\\Users\\JASDEV\\Desktop\\Food Hub\\src\\components\\MenuItem.js","statementMap":{"0":{"start":{"line":5,"column":17},"end":{"line":46,"column":1}},"1":{"start":{"line":6,"column":19},"end":{"line":6,"column":32}},"2":{"start":{"line":8,"column":24},"end":{"line":10,"column":3}},"3":{"start":{"line":9,"column":4},"end":{"line":9,"column":32}},"4":{"start":{"line":13,"column":2},"end":{"line":45,"column":4}},"5":{"start":{"line":37,"column":27},"end":{"line":37,"column":50}}},"fnMap":{"0":{"name":"(anonymous_0)","decl":{"start":{"line":5,"column":17},"end":{"line":5,"column":18}},"loc":{"start":{"line":5,"column":35},"end":{"line":46,"column":1}},"line":5},"1":{"name":"(anonymous_1)","decl":{"start":{"line":8,"column":24},"end":{"line":8,"column":25}},"loc":{"start":{"line":8,"column":38},"end":{"line":10,"column":3}},"line":8},"2":{"name":"(anonymous_2)","decl":{"start":{"line":37,"column":21},"end":{"line":37,"column":22}},"loc":{"start":{"line":37,"column":27},"end":{"line":37,"column":50}},"line":37}},"branchMap":{},"s":{"0":1,"1":0,"2":0,"3":0,"4":0,"5":0},"f":{"0":0,"1":0,"2":0},"b":{},"_coverageSchema":"1a1c01bbd47fc00a2c39e90264f33305004495a9","hash":"838f22ef89d979115bb4f56b96bc914d3556e0ab"}
,"C:\\Users\\JASDEV\\Desktop\\Food Hub\\src\\components\\Offer.js": {"path":"C:\\Users\\JASDEV\\Desktop\\Food Hub\\src\\components\\Offer.js","statementMap":{"0":{"start":{"line":4,"column":14},"end":{"line":12,"column":1}},"1":{"start":{"line":5,"column":2},"end":{"line":11,"column":4}}},"fnMap":{"0":{"name":"(anonymous_0)","decl":{"start":{"line":4,"column":14},"end":{"line":4,"column":15}},"loc":{"start":{"line":4,"column":20},"end":{"line":12,"column":1}},"line":4}},"branchMap":{},"s":{"0":1,"1":1},"f":{"0":1},"b":{},"_coverageSchema":"1a1c01bbd47fc00a2c39e90264f33305004495a9","hash":"7752b82cc7c2ff0b5b766ac6e648ba167d8db235"}
,"C:\\Users\\JASDEV\\Desktop\\Food Hub\\src\\components\\OfferCard.js": {"path":"C:\\Users\\JASDEV\\Desktop\\Food Hub\\src\\components\\OfferCard.js","statementMap":{"0":{"start":{"line":1,"column":18},"end":{"line":8,"column":1}},"1":{"start":{"line":2,"column":2},"end":{"line":7,"column":4}}},"fnMap":{"0":{"name":"(anonymous_0)","decl":{"start":{"line":1,"column":18},"end":{"line":1,"column":19}},"loc":{"start":{"line":1,"column":44},"end":{"line":8,"column":1}},"line":1}},"branchMap":{},"s":{"0":1,"1":2},"f":{"0":2},"b":{},"_coverageSchema":"1a1c01bbd47fc00a2c39e90264f33305004495a9","hash":"3854c6cb71405b9651bc41f924ffb9c2b3ad1d7d"}
,"C:\\Users\\JASDEV\\Desktop\\Food Hub\\src\\components\\sum.js": {"path":"C:\\Users\\JASDEV\\Desktop\\Food Hub\\src\\components\\sum.js","statementMap":{"0":{"start":{"line":1,"column":19},"end":{"line":3,"column":1}},"1":{"start":{"line":2,"column":2},"end":{"line":2,"column":15}}},"fnMap":{"0":{"name":"(anonymous_0)","decl":{"start":{"line":1,"column":19},"end":{"line":1,"column":20}},"loc":{"start":{"line":1,"column":29},"end":{"line":3,"column":1}},"line":1}},"branchMap":{},"s":{"0":1,"1":1},"f":{"0":1},"b":{},"_coverageSchema":"1a1c01bbd47fc00a2c39e90264f33305004495a9","hash":"0ff76a2dedc04794a2a2e88eb71e9e0025a32fd8"}
,"C:\\Users\\JASDEV\\Desktop\\Food Hub\\src\\utils\\FaqData.js": {"path":"C:\\Users\\JASDEV\\Desktop\\Food Hub\\src\\utils\\FaqData.js","statementMap":{"0":{"start":{"line":1,"column":23},"end":{"line":339,"column":1}}},"fnMap":{},"branchMap":{},"s":{"0":1},"f":{},"b":{},"_coverageSchema":"1a1c01bbd47fc00a2c39e90264f33305004495a9","hash":"ee82464b9ecd25d6c72a55c0432e7f7abe79ac3b"}
,"C:\\Users\\JASDEV\\Desktop\\Food Hub\\src\\utils\\cartSlice.js": {"path":"C:\\Users\\JASDEV\\Desktop\\Food Hub\\src\\utils\\cartSlice.js","statementMap":{"0":{"start":{"line":3,"column":18},"end":{"line":19,"column":2}},"1":{"start":{"line":10,"column":6},"end":{"line":10,"column":39}},"2":{"start":{"line":13,"column":6},"end":{"line":13,"column":24}},"3":{"start":{"line":16,"column":6},"end":{"line":16,"column":29}},"4":{"start":{"line":21,"column":50},"end":{"line":21,"column":67}}},"fnMap":{"0":{"name":"(anonymous_0)","decl":{"start":{"line":9,"column":13},"end":{"line":9,"column":14}},"loc":{"start":{"line":9,"column":32},"end":{"line":11,"column":5}},"line":9},"1":{"name":"(anonymous_1)","decl":{"start":{"line":12,"column":16},"end":{"line":12,"column":17}},"loc":{"start":{"line":12,"column":27},"end":{"line":14,"column":5}},"line":12},"2":{"name":"(anonymous_2)","decl":{"start":{"line":15,"column":15},"end":{"line":15,"column":16}},"loc":{"start":{"line":15,"column":26},"end":{"line":17,"column":5}},"line":15}},"branchMap":{},"s":{"0":1,"1":0,"2":0,"3":0,"4":1},"f":{"0":0,"1":0,"2":0},"b":{},"_coverageSchema":"1a1c01bbd47fc00a2c39e90264f33305004495a9","hash":"daec154fbf0d0dc4537eb5d493dcda97d7eaa389"}
,"C:\\Users\\JASDEV\\Desktop\\Food Hub\\src\\utils\\constants.js": {"path":"C:\\Users\\JASDEV\\Desktop\\Food Hub\\src\\utils\\constants.js","statementMap":{"0":{"start":{"line":2,"column":2},"end":{"line":2,"column":85}},"1":{"start":{"line":5,"column":2},"end":{"line":5,"column":138}},"2":{"start":{"line":8,"column":2},"end":{"line":8,"column":123}},"3":{"start":{"line":11,"column":2},"end":{"line":11,"column":97}}},"fnMap":{},"branchMap":{},"s":{"0":1,"1":1,"2":1,"3":1},"f":{},"b":{},"_coverageSchema":"1a1c01bbd47fc00a2c39e90264f33305004495a9","hash":"95a4b62ac2efe99bb1c2948875a1df539e172165"}
}
